(---------------------------------------------------------------------)
(                                                                     )
(    ARTWORK LOG                                                      )
(                                                                     )
(    Drawing          : LAYOUT.brd                                    )
(    Software Version : 16.6-2015S059                                 )
(    Date/Time        : Sat Dec 06 18:39:43 2025                      )
(                                                                     )
(---------------------------------------------------------------------)


 ---- Photoplot outline rectangle not found; using drawing extents.



Results from parameter file ...
    DEVICE-TYPE           GERBER_RS274X
    OUTPUT-UNITS          INCHES
    FILM-SIZE             2400000 1600000
    FORMAT                2.5
    ABORT-ON-ERROR        NO
    SCALE                 1
    SUPPRESS-LEAD-ZEROES  YES
    SUPPRESS-TRAIL-ZEROES NO
    SUPPRESS-EQUAL        YES
    UNDEF-APT-CONT        NO



================================================================
     PROCESSING FILM < FAB >
     TO FILE < C:/USERS/DENISA/DESKTOP/P1/PROIECT_P1/LAYOUT/SCHEMA/allegro/FAB.art > ...
================================================================

  FILM PARAMETERS :
  ---------------------------------------------------------
  Undefined line width                7.00
  Mirror code                         NONE
  Rotate angle                        NONE
  Offset x:                           0.00
  Offset y:                           0.00
  Plot negative                       NO
  Suppress unconnected internal pads  NO
  Draw holes only                     NO

    WARNING: text composed 0 width line found at (-532.50 887.50)
           ... using undefined line width of 7.00

    WARNING: 0 width line found at (-100.00 0.00)
           ... using undefined line width of 7.00

    WARNING: Multiple 0 width lines; all will be treated the same as the first.
           ... using undefined line width of 7.00

    WARNING: text having Multiple 0 width lines; all will be treated the same as the first.
           ... using undefined line width of 7.00



  APERTURES USED:
  ---------------------------------------------------------
  TYPE       SIZE/NAME                   ROT   MIRROR MODE 
  ---------------------------------------------------------
  CIRCLE     0.00700                                  DARK 

     FAB created with warnings


------------------------------------------------------
 SUMMARY:
        FAB created with warnings

 ARTWORK had warnings
